2025-10-20 11:04:12.543  INFO 16532 --- [main] i.g.t.seckillsystem.SeckillApplication   : Starting SeckillApplication using Java 17.0.15 on DESKTOP-BA7RU8G with PID 16532 (D:\IDEAProject\seckill-system\target\classes started by Administrator in D:\IDEAProject\seckill-system)
2025-10-20 11:04:12.548  INFO 16532 --- [main] i.g.t.seckillsystem.SeckillApplication   : No active profile set, falling back to 1 default profile: "default"
2025-10-20 11:04:13.177  INFO 16532 --- [main] .s.d.r.c.RepositoryConfigurationDelegate : Multiple Spring Data modules found, entering strict repository configuration mode
2025-10-20 11:04:13.180  INFO 16532 --- [main] .s.d.r.c.RepositoryConfigurationDelegate : Bootstrapping Spring Data Redis repositories in DEFAULT mode.
2025-10-20 11:04:13.198  INFO 16532 --- [main] .s.d.r.c.RepositoryConfigurationDelegate : Finished Spring Data repository scanning in 5 ms. Found 0 Redis repository interfaces.
2025-10-20 11:04:13.790  INFO 16532 --- [main] o.s.b.w.embedded.tomcat.TomcatWebServer  : Tomcat initialized with port(s): 8080 (http)
2025-10-20 11:04:13.797  INFO 16532 --- [main] o.apache.catalina.core.StandardService   : Starting service [Tomcat]
2025-10-20 11:04:13.798  INFO 16532 --- [main] org.apache.catalina.core.StandardEngine  : Starting Servlet engine: [Apache Tomcat/9.0.83]
2025-10-20 11:04:13.871  INFO 16532 --- [main] o.a.c.c.C.[Tomcat].[localhost].[/]       : Initializing Spring embedded WebApplicationContext
2025-10-20 11:04:13.871  INFO 16532 --- [main] w.s.c.ServletWebServerApplicationContext : Root WebApplicationContext: initialization completed in 1290 ms
2025-10-20 11:04:13.914  INFO 16532 --- [main] c.a.d.s.b.a.DruidDataSourceAutoConfigure : Init DruidDataSource
2025-10-20 11:04:14.168  INFO 16532 --- [main] com.alibaba.druid.pool.DruidDataSource   : {dataSource-1} inited
2025-10-20 11:04:14.740  INFO 16532 --- [main] org.redisson.Version                     : Redisson 3.23.5
2025-10-20 11:04:14.995  INFO 16532 --- [redisson-netty-2-6] o.r.c.pool.MasterPubSubConnectionPool    : 1 connections initialized for localhost/127.0.0.1:6379
2025-10-20 11:04:15.057  INFO 16532 --- [redisson-netty-2-20] o.r.c.pool.MasterConnectionPool          : 24 connections initialized for localhost/127.0.0.1:6379
2025-10-20 11:04:15.421  INFO 16532 --- [main] o.s.b.a.e.web.EndpointLinksResolver      : Exposing 1 endpoint(s) beneath base path '/actuator'
2025-10-20 11:04:15.444  INFO 16532 --- [main] o.s.b.w.embedded.tomcat.TomcatWebServer  : Tomcat started on port(s): 8080 (http) with context path ''
2025-10-20 11:04:15.454  INFO 16532 --- [main] i.g.t.seckillsystem.SeckillApplication   : Started SeckillApplication in 3.296 seconds (JVM running for 3.555)
2025-10-20 11:04:26.200  INFO 16532 --- [http-nio-8080-exec-3] o.a.c.c.C.[Tomcat].[localhost].[/]       : Initializing Spring DispatcherServlet 'dispatcherServlet'
2025-10-20 11:04:26.200  INFO 16532 --- [http-nio-8080-exec-3] o.s.web.servlet.DispatcherServlet        : Initializing Servlet 'dispatcherServlet'
2025-10-20 11:04:26.202  INFO 16532 --- [http-nio-8080-exec-3] o.s.web.servlet.DispatcherServlet        : Completed initialization in 2 ms
2025-10-20 15:06:35.569  INFO 26204 --- [main] i.g.t.seckillsystem.SeckillApplication   : Starting SeckillApplication using Java 17.0.15 on DESKTOP-BA7RU8G with PID 26204 (D:\IDEAProject\seckill-system\target\classes started by Administrator in D:\IDEAProject\seckill-system)
2025-10-20 15:06:35.572  INFO 26204 --- [main] i.g.t.seckillsystem.SeckillApplication   : No active profile set, falling back to 1 default profile: "default"
2025-10-20 15:06:36.180  INFO 26204 --- [main] .s.d.r.c.RepositoryConfigurationDelegate : Multiple Spring Data modules found, entering strict repository configuration mode
2025-10-20 15:06:36.182  INFO 26204 --- [main] .s.d.r.c.RepositoryConfigurationDelegate : Bootstrapping Spring Data Redis repositories in DEFAULT mode.
2025-10-20 15:06:36.198  INFO 26204 --- [main] .s.d.r.c.RepositoryConfigurationDelegate : Finished Spring Data repository scanning in 5 ms. Found 0 Redis repository interfaces.
2025-10-20 15:06:36.789  INFO 26204 --- [main] o.s.b.w.embedded.tomcat.TomcatWebServer  : Tomcat initialized with port(s): 8080 (http)
2025-10-20 15:06:36.798  INFO 26204 --- [main] o.apache.catalina.core.StandardService   : Starting service [Tomcat]
2025-10-20 15:06:36.798  INFO 26204 --- [main] org.apache.catalina.core.StandardEngine  : Starting Servlet engine: [Apache Tomcat/9.0.83]
2025-10-20 15:06:36.873  INFO 26204 --- [main] o.a.c.c.C.[Tomcat].[localhost].[/]       : Initializing Spring embedded WebApplicationContext
2025-10-20 15:06:36.873  INFO 26204 --- [main] w.s.c.ServletWebServerApplicationContext : Root WebApplicationContext: initialization completed in 1272 ms
2025-10-20 15:06:36.917  INFO 26204 --- [main] c.a.d.s.b.a.DruidDataSourceAutoConfigure : Init DruidDataSource
2025-10-20 15:06:37.174  INFO 26204 --- [main] com.alibaba.druid.pool.DruidDataSource   : {dataSource-1} inited
2025-10-20 15:06:37.713  INFO 26204 --- [main] org.redisson.Version                     : Redisson 3.23.5
2025-10-20 15:06:37.961  INFO 26204 --- [redisson-netty-2-5] o.r.c.pool.MasterPubSubConnectionPool    : 1 connections initialized for localhost/127.0.0.1:6379
2025-10-20 15:06:38.023  INFO 26204 --- [redisson-netty-2-20] o.r.c.pool.MasterConnectionPool          : 24 connections initialized for localhost/127.0.0.1:6379
2025-10-20 15:06:38.388  INFO 26204 --- [main] o.s.b.a.e.web.EndpointLinksResolver      : Exposing 1 endpoint(s) beneath base path '/actuator'
2025-10-20 15:06:38.413  INFO 26204 --- [main] o.s.b.w.embedded.tomcat.TomcatWebServer  : Tomcat started on port(s): 8080 (http) with context path ''
2025-10-20 15:06:38.423  INFO 26204 --- [main] i.g.t.seckillsystem.SeckillApplication   : Started SeckillApplication in 3.211 seconds (JVM running for 3.469)
2025-10-20 15:07:30.337  INFO 17996 --- [main] i.g.t.seckillsystem.SeckillApplication   : Starting SeckillApplication using Java 17.0.15 on DESKTOP-BA7RU8G with PID 17996 (D:\IDEAProject\seckill-system\target\classes started by Administrator in D:\IDEAProject\seckill-system)
2025-10-20 15:07:30.339  INFO 17996 --- [main] i.g.t.seckillsystem.SeckillApplication   : No active profile set, falling back to 1 default profile: "default"
2025-10-20 15:07:30.877  INFO 17996 --- [main] .s.d.r.c.RepositoryConfigurationDelegate : Multiple Spring Data modules found, entering strict repository configuration mode
2025-10-20 15:07:30.878  INFO 17996 --- [main] .s.d.r.c.RepositoryConfigurationDelegate : Bootstrapping Spring Data Redis repositories in DEFAULT mode.
2025-10-20 15:07:30.892  INFO 17996 --- [main] .s.d.r.c.RepositoryConfigurationDelegate : Finished Spring Data repository scanning in 5 ms. Found 0 Redis repository interfaces.
2025-10-20 15:07:31.421  INFO 17996 --- [main] o.s.b.w.embedded.tomcat.TomcatWebServer  : Tomcat initialized with port(s): 8080 (http)
2025-10-20 15:07:31.429  INFO 17996 --- [main] o.apache.catalina.core.StandardService   : Starting service [Tomcat]
2025-10-20 15:07:31.429  INFO 17996 --- [main] org.apache.catalina.core.StandardEngine  : Starting Servlet engine: [Apache Tomcat/9.0.83]
2025-10-20 15:07:31.500  INFO 17996 --- [main] o.a.c.c.C.[Tomcat].[localhost].[/]       : Initializing Spring embedded WebApplicationContext
2025-10-20 15:07:31.501  INFO 17996 --- [main] w.s.c.ServletWebServerApplicationContext : Root WebApplicationContext: initialization completed in 1131 ms
2025-10-20 15:07:31.545  INFO 17996 --- [main] c.a.d.s.b.a.DruidDataSourceAutoConfigure : Init DruidDataSource
2025-10-20 15:07:31.765  INFO 17996 --- [main] com.alibaba.druid.pool.DruidDataSource   : {dataSource-1} inited
2025-10-20 15:07:32.269  INFO 17996 --- [main] org.redisson.Version                     : Redisson 3.23.5
2025-10-20 15:07:32.496  INFO 17996 --- [redisson-netty-2-5] o.r.c.pool.MasterPubSubConnectionPool    : 1 connections initialized for localhost/127.0.0.1:6379
2025-10-20 15:07:32.557  INFO 17996 --- [redisson-netty-2-20] o.r.c.pool.MasterConnectionPool          : 24 connections initialized for localhost/127.0.0.1:6379
2025-10-20 15:07:32.889  INFO 17996 --- [main] o.s.b.a.e.web.EndpointLinksResolver      : Exposing 1 endpoint(s) beneath base path '/actuator'
2025-10-20 15:07:32.912  INFO 17996 --- [main] o.s.b.w.embedded.tomcat.TomcatWebServer  : Tomcat started on port(s): 8080 (http) with context path ''
2025-10-20 15:07:32.921  INFO 17996 --- [main] i.g.t.seckillsystem.SeckillApplication   : Started SeckillApplication in 2.858 seconds (JVM running for 3.092)
2025-10-20 15:07:34.400  INFO 17996 --- [http-nio-8080-exec-4] o.a.c.c.C.[Tomcat].[localhost].[/]       : Initializing Spring DispatcherServlet 'dispatcherServlet'
2025-10-20 15:07:34.400  INFO 17996 --- [http-nio-8080-exec-4] o.s.web.servlet.DispatcherServlet        : Initializing Servlet 'dispatcherServlet'
2025-10-20 15:07:34.401  INFO 17996 --- [http-nio-8080-exec-4] o.s.web.servlet.DispatcherServlet        : Completed initialization in 0 ms
